start on Wed Aug 24 12:57:12 IST 2022
start on Wed Aug 24 12:59:02 IST 2022
start on Wed Aug 24 13:01:43 IST 2022
start on Wed Aug 24 13:02:22 IST 2022
start on Wed Aug 24 13:02:35 IST 2022
start on Wed Aug 24 13:03:26 IST 2022
/IvrsProjects/file_watcher/astconf_sync.sh: line 7: rsync: command not found
/IvrsProjects/file_watcher/astconf_sync.sh: line 8: rsync: command not found
sending incremental file list
extensions.conf

sent 335 bytes  received 35 bytes  740.00 bytes/sec
total size is 766  speedup is 2.07
sending incremental file list
./
1500/
1502/
198/
198/ComplaintBook.conf
198/MainMenu.conf
198/main.conf
198/old/
198/old/complaintAPI.conf
Com/
Com/phonenumber.conf
Com/says.conf
Com/old/
Com/old/appeal.conf
settings/
settings/main.conf
test/

sent 7.88K bytes  received 207 bytes  16.16K bytes/sec
total size is 32.73K  speedup is 4.05
sending incremental file list
extensions.conf

sent 336 bytes  received 35 bytes  742.00 bytes/sec
total size is 766  speedup is 2.06
sending incremental file list
created directory /etc/asterisk/Dialplans
./
extensions.conf
1500/
1502/
198/
198/ComplaintBook.conf
198/MainMenu.conf
198/main.conf
198/old/
198/old/complaintAPI.conf
Com/
Com/phonenumber.conf
Com/says.conf
Com/old/
Com/old/appeal.conf
settings/
settings/main.conf
test/

sent 8.16K bytes  received 276 bytes  16.87K bytes/sec
total size is 32.73K  speedup is 3.88
sending incremental file list
extensions.conf

sent 336 bytes  received 35 bytes  742.00 bytes/sec
total size is 766  speedup is 2.06
sending incremental file list
extensions.conf

sent 822 bytes  received 43 bytes  1.73K bytes/sec
total size is 32.73K  speedup is 37.84
sending incremental file list
extensions.conf

sent 337 bytes  received 35 bytes  744.00 bytes/sec
total size is 768  speedup is 2.06
sending incremental file list
extensions.conf

sent 823 bytes  received 43 bytes  1.73K bytes/sec
total size is 32.73K  speedup is 37.79
sending incremental file list
extensions.conf

sent 336 bytes  received 35 bytes  742.00 bytes/sec
total size is 768  speedup is 2.07
sending incremental file list
extensions.conf

sent 822 bytes  received 43 bytes  1.73K bytes/sec
total size is 32.73K  speedup is 37.84
start on Wed Aug 24 13:17:23 IST 2022
start on Wed Aug 24 13:20:08 IST 2022
start on Wed Aug 24 13:21:31 IST 2022
start on Wed Aug 24 15:07:02 IST 2022
